\BOOKMARK [0][-]{chapter.1}{\376\377\0001\000\040\004\030\004\075\004\064\004\065\004\072\004\101\000\040\004\064\004\060\004\102\004\076\004\102\004\065\004\072\004\060}{}% 1
\BOOKMARK [1][-]{section.1.1}{\376\377\0001\000.\0001\000\040\004\041\004\077\004\070\004\101\004\060\004\072\000\040\004\064\004\060\004\102\004\076\004\102\004\065\004\072\004\060}{chapter.1}% 2
\BOOKMARK [0][-]{chapter.2}{\376\377\0002\000\040\004\024\004\076\004\072\004\103\004\074\004\065\004\075\004\102\004\060\004\106\004\070\004\130\004\060\000\040\004\064\004\060\004\102\004\076\004\102\004\065\004\072\004\065}{}% 3
\BOOKMARK [1][-]{section.2.1}{\376\377\0002\000.\0001\000\040\000A\000E\000S\000/\000a\000e\000s\000.\000c\000\040\004\040\004\065\004\104\004\065\004\100\004\065\004\075\004\106\004\060\000\040\004\064\004\060\004\102\004\076\004\102\004\065\004\072\004\065}{chapter.2}% 4
\BOOKMARK [2][-]{subsection.2.1.1}{\376\377\0002\000.\0001\000.\0001\000\040\004\024\004\076\004\072\004\103\004\074\004\065\004\075\004\102\004\060\004\106\004\070\004\130\004\060\000\040\004\104\004\103\004\075\004\072\004\106\004\070\004\130\004\065}{section.2.1}% 5
\BOOKMARK [3][-]{subsubsection.2.1.1.1}{\376\377\0002\000.\0001\000.\0001\000.\0001\000\040\000A\000d\000d\000R\000o\000u\000n\000d\000K\000e\000y}{subsection.2.1.1}% 6
\BOOKMARK [3][-]{subsubsection.2.1.1.2}{\376\377\0002\000.\0001\000.\0001\000.\0002\000\040\000C\000R\000C\0003\0002}{subsection.2.1.1}% 7
\BOOKMARK [3][-]{subsubsection.2.1.1.3}{\376\377\0002\000.\0001\000.\0001\000.\0003\000\040\000C\000R\000C\000C\000h\000e\000c\000k}{subsection.2.1.1}% 8
\BOOKMARK [3][-]{subsubsection.2.1.1.4}{\376\377\0002\000.\0001\000.\0001\000.\0004\000\040\000C\000y\000p\000h\000e\000r\000A\000E\000S}{subsection.2.1.1}% 9
\BOOKMARK [3][-]{subsubsection.2.1.1.5}{\376\377\0002\000.\0001\000.\0001\000.\0005\000\040\000C\000y\000p\000h\000e\000r\000F\000i\000l\000e\000N\000a\000m\000e}{subsection.2.1.1}% 10
\BOOKMARK [3][-]{subsubsection.2.1.1.6}{\376\377\0002\000.\0001\000.\0001\000.\0006\000\040\000D\000e\000c\000r\000y\000p\000t\000S\000t\000a\000t\000e}{subsection.2.1.1}% 11
\BOOKMARK [3][-]{subsubsection.2.1.1.7}{\376\377\0002\000.\0001\000.\0001\000.\0007\000\040\000D\000e\000c\000y\000p\000h\000e\000r\000A\000E\000S}{subsection.2.1.1}% 12
\BOOKMARK [3][-]{subsubsection.2.1.1.8}{\376\377\0002\000.\0001\000.\0001\000.\0008\000\040\000D\000e\000C\000y\000p\000h\000e\000r\000F\000i\000l\000e\000N\000a\000m\000e}{subsection.2.1.1}% 13
\BOOKMARK [3][-]{subsubsection.2.1.1.9}{\376\377\0002\000.\0001\000.\0001\000.\0009\000\040\000E\000n\000c\000r\000y\000p\000t\000S\000t\000a\000t\000e}{subsection.2.1.1}% 14
\BOOKMARK [3][-]{subsubsection.2.1.1.10}{\376\377\0002\000.\0001\000.\0001\000.\0001\0000\000\040\000I\000n\000v\000M\000i\000x\000C\000o\000l\000u\000m\000n\000s}{subsection.2.1.1}% 15
\BOOKMARK [3][-]{subsubsection.2.1.1.11}{\376\377\0002\000.\0001\000.\0001\000.\0001\0001\000\040\000I\000n\000v\000S\000h\000i\000f\000t\000R\000o\000w\000s}{subsection.2.1.1}% 16
\BOOKMARK [3][-]{subsubsection.2.1.1.12}{\376\377\0002\000.\0001\000.\0001\000.\0001\0002\000\040\000I\000n\000v\000S\000u\000b\000B\000y\000t\000e\000s}{subsection.2.1.1}% 17
\BOOKMARK [3][-]{subsubsection.2.1.1.13}{\376\377\0002\000.\0001\000.\0001\000.\0001\0003\000\040\000K\000e\000y\000E\000x\000p\000a\000n\000s\000i\000o\000n}{subsection.2.1.1}% 18
\BOOKMARK [3][-]{subsubsection.2.1.1.14}{\376\377\0002\000.\0001\000.\0001\000.\0001\0004\000\040\000m\000a\000i\000n}{subsection.2.1.1}% 19
\BOOKMARK [3][-]{subsubsection.2.1.1.15}{\376\377\0002\000.\0001\000.\0001\000.\0001\0005\000\040\000M\000i\000x\000C\000o\000l\000u\000m\000n\000s}{subsection.2.1.1}% 20
\BOOKMARK [3][-]{subsubsection.2.1.1.16}{\376\377\0002\000.\0001\000.\0001\000.\0001\0006\000\040\000R\000e\000a\000d\000D\000a\000t\000a}{subsection.2.1.1}% 21
\BOOKMARK [3][-]{subsubsection.2.1.1.17}{\376\377\0002\000.\0001\000.\0001\000.\0001\0007\000\040\000R\000o\000t\000W\000o\000r\000d}{subsection.2.1.1}% 22
\BOOKMARK [3][-]{subsubsection.2.1.1.18}{\376\377\0002\000.\0001\000.\0001\000.\0001\0008\000\040\000S\000h\000i\000f\000t\000R\000o\000w\000s}{subsection.2.1.1}% 23
\BOOKMARK [3][-]{subsubsection.2.1.1.19}{\376\377\0002\000.\0001\000.\0001\000.\0001\0009\000\040\000S\000i\000z\000e\000O\000f\000F\000i\000l\000e}{subsection.2.1.1}% 24
\BOOKMARK [3][-]{subsubsection.2.1.1.20}{\376\377\0002\000.\0001\000.\0001\000.\0002\0000\000\040\000S\000t\000a\000t\000e\000T\000o\000U\000I\000n\000t\0003\0002}{subsection.2.1.1}% 25
\BOOKMARK [3][-]{subsubsection.2.1.1.21}{\376\377\0002\000.\0001\000.\0001\000.\0002\0001\000\040\000S\000u\000b\000B\000y\000t\000e\000s}{subsection.2.1.1}% 26
\BOOKMARK [3][-]{subsubsection.2.1.1.22}{\376\377\0002\000.\0001\000.\0001\000.\0002\0002\000\040\000S\000u\000b\000W\000o\000r\000d}{subsection.2.1.1}% 27
\BOOKMARK [3][-]{subsubsection.2.1.1.23}{\376\377\0002\000.\0001\000.\0001\000.\0002\0003\000\040\000U\000C\000h\000a\000r\000T\000o\000U\000I\000n\000t\0003\0002}{subsection.2.1.1}% 28
\BOOKMARK [3][-]{subsubsection.2.1.1.24}{\376\377\0002\000.\0001\000.\0001\000.\0002\0004\000\040\000U\000I\000n\000t\0003\0002\000T\000o\000S\000t\000a\000t\000e}{subsection.2.1.1}% 29
\BOOKMARK [3][-]{subsubsection.2.1.1.25}{\376\377\0002\000.\0001\000.\0001\000.\0002\0005\000\040\000W\000r\000i\000t\000e\000D\000a\000t\000a}{subsection.2.1.1}% 30
\BOOKMARK [1][-]{section.2.2}{\376\377\0002\000.\0002\000\040\000A\000E\000S\000/\000a\000e\000s\000.\000h\000\040\004\040\004\065\004\104\004\065\004\100\004\065\004\075\004\106\004\060\000\040\004\064\004\060\004\102\004\076\004\102\004\065\004\072\004\065}{chapter.2}% 31
\BOOKMARK [2][-]{subsection.2.2.1}{\376\377\0002\000.\0002\000.\0001\000\040\004\036\004\077\004\110\004\070\004\100\004\075\004\070\004\130\004\065}{section.2.2}% 32
\BOOKMARK [2][-]{subsection.2.2.2}{\376\377\0002\000.\0002\000.\0002\000\040\004\024\004\076\004\072\004\103\004\074\004\065\004\075\004\102\004\060\004\106\004\070\004\130\004\060\000\040\004\064\004\065\004\104\004\070\004\075\004\070\004\106\004\070\004\130\004\065}{section.2.2}% 33
\BOOKMARK [3][-]{subsubsection.2.2.2.1}{\376\377\0002\000.\0002\000.\0002\000.\0001\000\040\000\137\000a\000e\000s\000\137\000h\000\137}{subsection.2.2.2}% 34
\BOOKMARK [3][-]{subsubsection.2.2.2.2}{\376\377\0002\000.\0002\000.\0002\000.\0002\000\040\000\137\000C\000R\000T\000\137\000S\000E\000C\000U\000R\000E\000\137\000N\000O\000\137\000D\000E\000P\000R\000E\000C\000A\000T\000E}{subsection.2.2.2}% 35
\BOOKMARK [3][-]{subsubsection.2.2.2.3}{\376\377\0002\000.\0002\000.\0002\000.\0003\000\040\000C\000R\000Y\000P\000T\000\137\000T\000E\000X\000T}{subsection.2.2.2}% 36
\BOOKMARK [3][-]{subsubsection.2.2.2.4}{\376\377\0002\000.\0002\000.\0002\000.\0004\000\040\000D\000I\000G\000I\000T\000\137\000N\000U\000M}{subsection.2.2.2}% 37
\BOOKMARK [3][-]{subsubsection.2.2.2.5}{\376\377\0002\000.\0002\000.\0002\000.\0005\000\040\000M\000A\000X\000\137\000F\000I\000L\000E\000\137\000L\000E\000N}{subsection.2.2.2}% 38
\BOOKMARK [3][-]{subsubsection.2.2.2.6}{\376\377\0002\000.\0002\000.\0002\000.\0006\000\040\000N\000U\000M\000\137\000R\000O\000W}{subsection.2.2.2}% 39
\BOOKMARK [3][-]{subsubsection.2.2.2.7}{\376\377\0002\000.\0002\000.\0002\000.\0007\000\040\000S\000T\000A\000T\000E\000\137\000S\000I\000Z\000E}{subsection.2.2.2}% 40
\BOOKMARK [2][-]{subsection.2.2.3}{\376\377\0002\000.\0002\000.\0003\000\040\004\024\004\076\004\072\004\103\004\074\004\065\004\075\004\102\004\060\004\106\004\070\004\130\004\060\000\040\004\064\004\065\004\104\004\070\004\075\004\070\004\106\004\070\004\130\004\065\000\040\004\102\004\070\004\077\004\060}{section.2.2}% 41
\BOOKMARK [3][-]{subsubsection.2.2.3.1}{\376\377\0002\000.\0002\000.\0003\000.\0001\000\040\000U\000C\000h\000a\000r}{subsection.2.2.3}% 42
\BOOKMARK [3][-]{subsubsection.2.2.3.2}{\376\377\0002\000.\0002\000.\0003\000.\0002\000\040\000U\000I\000n\000t\0003\0002}{subsection.2.2.3}% 43
\BOOKMARK [2][-]{subsection.2.2.4}{\376\377\0002\000.\0002\000.\0004\000\040\004\024\004\076\004\072\004\103\004\074\004\065\004\075\004\102\004\060\004\106\004\070\004\130\004\060\000\040\004\104\004\103\004\075\004\072\004\106\004\070\004\130\004\065}{section.2.2}% 44
\BOOKMARK [3][-]{subsubsection.2.2.4.1}{\376\377\0002\000.\0002\000.\0004\000.\0001\000\040\000A\000d\000d\000R\000o\000u\000n\000d\000K\000e\000y}{subsection.2.2.4}% 45
\BOOKMARK [3][-]{subsubsection.2.2.4.2}{\376\377\0002\000.\0002\000.\0004\000.\0002\000\040\000C\000R\000C\0003\0002}{subsection.2.2.4}% 46
\BOOKMARK [3][-]{subsubsection.2.2.4.3}{\376\377\0002\000.\0002\000.\0004\000.\0003\000\040\000C\000R\000C\000C\000h\000e\000c\000k}{subsection.2.2.4}% 47
\BOOKMARK [3][-]{subsubsection.2.2.4.4}{\376\377\0002\000.\0002\000.\0004\000.\0004\000\040\000C\000y\000p\000h\000e\000r\000A\000E\000S}{subsection.2.2.4}% 48
\BOOKMARK [3][-]{subsubsection.2.2.4.5}{\376\377\0002\000.\0002\000.\0004\000.\0005\000\040\000C\000y\000p\000h\000e\000r\000F\000i\000l\000e\000N\000a\000m\000e}{subsection.2.2.4}% 49
\BOOKMARK [3][-]{subsubsection.2.2.4.6}{\376\377\0002\000.\0002\000.\0004\000.\0006\000\040\000D\000e\000c\000r\000y\000p\000t\000S\000t\000a\000t\000e}{subsection.2.2.4}% 50
\BOOKMARK [3][-]{subsubsection.2.2.4.7}{\376\377\0002\000.\0002\000.\0004\000.\0007\000\040\000D\000e\000c\000y\000p\000h\000e\000r\000A\000E\000S}{subsection.2.2.4}% 51
\BOOKMARK [3][-]{subsubsection.2.2.4.8}{\376\377\0002\000.\0002\000.\0004\000.\0008\000\040\000D\000e\000C\000y\000p\000h\000e\000r\000F\000i\000l\000e\000N\000a\000m\000e}{subsection.2.2.4}% 52
\BOOKMARK [3][-]{subsubsection.2.2.4.9}{\376\377\0002\000.\0002\000.\0004\000.\0009\000\040\000E\000n\000c\000r\000y\000p\000t\000S\000t\000a\000t\000e}{subsection.2.2.4}% 53
\BOOKMARK [3][-]{subsubsection.2.2.4.10}{\376\377\0002\000.\0002\000.\0004\000.\0001\0000\000\040\000I\000n\000v\000M\000i\000x\000C\000o\000l\000u\000m\000n\000s}{subsection.2.2.4}% 54
\BOOKMARK [3][-]{subsubsection.2.2.4.11}{\376\377\0002\000.\0002\000.\0004\000.\0001\0001\000\040\000I\000n\000v\000S\000h\000i\000f\000t\000R\000o\000w\000s}{subsection.2.2.4}% 55
\BOOKMARK [3][-]{subsubsection.2.2.4.12}{\376\377\0002\000.\0002\000.\0004\000.\0001\0002\000\040\000I\000n\000v\000S\000u\000b\000B\000y\000t\000e\000s}{subsection.2.2.4}% 56
\BOOKMARK [3][-]{subsubsection.2.2.4.13}{\376\377\0002\000.\0002\000.\0004\000.\0001\0003\000\040\000K\000e\000y\000E\000x\000p\000a\000n\000s\000i\000o\000n}{subsection.2.2.4}% 57
\BOOKMARK [3][-]{subsubsection.2.2.4.14}{\376\377\0002\000.\0002\000.\0004\000.\0001\0004\000\040\000M\000i\000x\000C\000o\000l\000u\000m\000n\000s}{subsection.2.2.4}% 58
\BOOKMARK [3][-]{subsubsection.2.2.4.15}{\376\377\0002\000.\0002\000.\0004\000.\0001\0005\000\040\000R\000e\000a\000d\000D\000a\000t\000a}{subsection.2.2.4}% 59
\BOOKMARK [3][-]{subsubsection.2.2.4.16}{\376\377\0002\000.\0002\000.\0004\000.\0001\0006\000\040\000R\000o\000t\000W\000o\000r\000d}{subsection.2.2.4}% 60
\BOOKMARK [3][-]{subsubsection.2.2.4.17}{\376\377\0002\000.\0002\000.\0004\000.\0001\0007\000\040\000S\000h\000i\000f\000t\000R\000o\000w\000s}{subsection.2.2.4}% 61
\BOOKMARK [3][-]{subsubsection.2.2.4.18}{\376\377\0002\000.\0002\000.\0004\000.\0001\0008\000\040\000S\000i\000z\000e\000O\000f\000F\000i\000l\000e}{subsection.2.2.4}% 62
\BOOKMARK [3][-]{subsubsection.2.2.4.19}{\376\377\0002\000.\0002\000.\0004\000.\0001\0009\000\040\000S\000t\000a\000t\000e\000T\000o\000U\000I\000n\000t\0003\0002}{subsection.2.2.4}% 63
\BOOKMARK [3][-]{subsubsection.2.2.4.20}{\376\377\0002\000.\0002\000.\0004\000.\0002\0000\000\040\000S\000u\000b\000B\000y\000t\000e\000s}{subsection.2.2.4}% 64
\BOOKMARK [3][-]{subsubsection.2.2.4.21}{\376\377\0002\000.\0002\000.\0004\000.\0002\0001\000\040\000S\000u\000b\000W\000o\000r\000d}{subsection.2.2.4}% 65
\BOOKMARK [3][-]{subsubsection.2.2.4.22}{\376\377\0002\000.\0002\000.\0004\000.\0002\0002\000\040\000U\000C\000h\000a\000r\000T\000o\000U\000I\000n\000t\0003\0002}{subsection.2.2.4}% 66
\BOOKMARK [3][-]{subsubsection.2.2.4.23}{\376\377\0002\000.\0002\000.\0004\000.\0002\0003\000\040\000U\000I\000n\000t\0003\0002\000T\000o\000S\000t\000a\000t\000e}{subsection.2.2.4}% 67
\BOOKMARK [3][-]{subsubsection.2.2.4.24}{\376\377\0002\000.\0002\000.\0004\000.\0002\0004\000\040\000W\000r\000i\000t\000e\000D\000a\000t\000a}{subsection.2.2.4}% 68
\BOOKMARK [2][-]{subsection.2.2.5}{\376\377\0002\000.\0002\000.\0005\000\040\004\024\004\076\004\072\004\103\004\074\004\065\004\075\004\102\004\060\004\106\004\070\004\130\004\060\000\040\004\077\004\100\004\076\004\074\004\065\004\075\004\131\004\070\004\062\004\065}{section.2.2}% 69
\BOOKMARK [3][-]{subsubsection.2.2.5.1}{\376\377\0002\000.\0002\000.\0005\000.\0001\000\040\000C\000R\000C\0003\0002\000\137\000T\000A\000B\000L\000E}{subsection.2.2.5}% 70
\BOOKMARK [3][-]{subsubsection.2.2.5.2}{\376\377\0002\000.\0002\000.\0005\000.\0002\000\040\000G\000\137\000F\000I\000E\000L\000D\000\137\000M\000U\000L}{subsection.2.2.5}% 71
\BOOKMARK [3][-]{subsubsection.2.2.5.3}{\376\377\0002\000.\0002\000.\0005\000.\0003\000\040\000I\000N\000V\000S\000\137\000B\000O\000X}{subsection.2.2.5}% 72
\BOOKMARK [3][-]{subsubsection.2.2.5.4}{\376\377\0002\000.\0002\000.\0005\000.\0004\000\040\000R\000O\000U\000N\000D\000\137\000C\000O\000N\000S\000T\000A\000N\000T}{subsection.2.2.5}% 73
\BOOKMARK [3][-]{subsubsection.2.2.5.5}{\376\377\0002\000.\0002\000.\0005\000.\0005\000\040\000S\000\137\000B\000O\000X}{subsection.2.2.5}% 74
